<?xml version="1.0" encoding="UTF-8"?>
<testng-results ignored="6" total="26" passed="14" failed="6" skipped="0">
  <reporter-output>
  </reporter-output>
  <suite started-at="2022-02-10T16:46:40Z" name="Suite" finished-at="2022-02-10T16:58:17Z" duration-ms="697606">
    <groups>
      <group name="validLogin">
        <method signature="CartTests.AddProductToCart()[pri:18, instance:com.ExitTest.tests.CartTests@72c28d64]" name="AddProductToCart" class="com.ExitTest.tests.CartTests"/>
        <method signature="CartTests.RemoveProductFromCart()[pri:19, instance:com.ExitTest.tests.CartTests@72c28d64]" name="RemoveProductFromCart" class="com.ExitTest.tests.CartTests"/>
        <method signature="CartTests.SaveForLater()[pri:20, instance:com.ExitTest.tests.CartTests@72c28d64]" name="SaveForLater" class="com.ExitTest.tests.CartTests"/>
        <method signature="CartTests.checkSize()[pri:21, instance:com.ExitTest.tests.CartTests@72c28d64]" name="checkSize" class="com.ExitTest.tests.CartTests"/>
        <method signature="HomePageTests.clickNext()[pri:18, instance:com.ExitTest.tests.HomePageTests@2807bdeb]" name="clickNext" class="com.ExitTest.tests.HomePageTests"/>
        <method signature="HomePageTests.flipkartCoupons()[pri:15, instance:com.ExitTest.tests.HomePageTests@2807bdeb]" name="flipkartCoupons" class="com.ExitTest.tests.HomePageTests"/>
        <method signature="HomePageTests.flipkartFilterType()[pri:17, instance:com.ExitTest.tests.HomePageTests@2807bdeb]" name="flipkartFilterType" class="com.ExitTest.tests.HomePageTests"/>
        <method signature="HomePageTests.flipkartLogo()[pri:13, instance:com.ExitTest.tests.HomePageTests@2807bdeb]" name="flipkartLogo" class="com.ExitTest.tests.HomePageTests"/>
        <method signature="HomePageTests.flipkartNotifications()[pri:16, instance:com.ExitTest.tests.HomePageTests@2807bdeb]" name="flipkartNotifications" class="com.ExitTest.tests.HomePageTests"/>
        <method signature="HomePageTests.flipkartPlusZone()[pri:14, instance:com.ExitTest.tests.HomePageTests@2807bdeb]" name="flipkartPlusZone" class="com.ExitTest.tests.HomePageTests"/>
        <method signature="HomePageTests.myOrders()[pri:11, instance:com.ExitTest.tests.HomePageTests@2807bdeb]" name="myOrders" class="com.ExitTest.tests.HomePageTests"/>
        <method signature="HomePageTests.productSearch()[pri:8, instance:com.ExitTest.tests.HomePageTests@2807bdeb]" name="productSearch" class="com.ExitTest.tests.HomePageTests"/>
        <method signature="HomePageTests.removeWishlistProduct()[pri:10, instance:com.ExitTest.tests.HomePageTests@2807bdeb]" name="removeWishlistProduct" class="com.ExitTest.tests.HomePageTests"/>
        <method signature="HomePageTests.superCoin()[pri:12, instance:com.ExitTest.tests.HomePageTests@2807bdeb]" name="superCoin" class="com.ExitTest.tests.HomePageTests"/>
        <method signature="HomePageTests.wishlistProduct()[pri:9, instance:com.ExitTest.tests.HomePageTests@2807bdeb]" name="wishlistProduct" class="com.ExitTest.tests.HomePageTests"/>
        <method signature="LoginPageTests.validLogin()[pri:1, instance:com.ExitTest.tests.LoginPageTests@6ebf0f36]" name="validLogin" class="com.ExitTest.tests.LoginPageTests"/>
        <method signature="LogoutPageTests.logout()[pri:7, instance:com.ExitTest.tests.LogoutPageTests@18920cc]" name="logout" class="com.ExitTest.tests.LogoutPageTests"/>
      </group> <!-- validLogin -->
      <group name="invalidLogin">
        <method signature="LoginPageTests.invalidPassword()[pri:3, instance:com.ExitTest.tests.LoginPageTests@6ebf0f36]" name="invalidPassword" class="com.ExitTest.tests.LoginPageTests"/>
        <method signature="LoginPageTests.invalidUsername()[pri:2, instance:com.ExitTest.tests.LoginPageTests@6ebf0f36]" name="invalidUsername" class="com.ExitTest.tests.LoginPageTests"/>
        <method signature="LoginPageTests.invalidUsernameAndPassword()[pri:4, instance:com.ExitTest.tests.LoginPageTests@6ebf0f36]" name="invalidUsernameAndPassword" class="com.ExitTest.tests.LoginPageTests"/>
      </group> <!-- invalidLogin -->
    </groups>
    <test started-at="2022-02-10T16:46:40Z" name="Test" finished-at="2022-02-10T16:58:17Z" duration-ms="697606">
      <class name="com.ExitTest.tests.HomePageTests">
        <test-method is-config="true" signature="initializeWebDriver()[pri:0, instance:com.ExitTest.tests.HomePageTests@2807bdeb]" started-at="2022-02-10T16:48:26Z" name="initializeWebDriver" finished-at="2022-02-10T16:48:28Z" duration-ms="2110" status="PASS">
          <reporter-output>
          </reporter-output>
        </test-method> <!-- initializeWebDriver -->
        <test-method is-config="true" signature="openUrl()[pri:0, instance:com.ExitTest.tests.HomePageTests@2807bdeb]" started-at="2022-02-10T16:48:28Z" name="openUrl" finished-at="2022-02-10T16:48:48Z" duration-ms="19883" status="PASS">
          <reporter-output>
          </reporter-output>
        </test-method> <!-- openUrl -->
        <test-method signature="productSearch()[pri:8, instance:com.ExitTest.tests.HomePageTests@2807bdeb]" started-at="2022-02-10T16:48:48Z" name="productSearch" finished-at="2022-02-10T16:48:55Z" duration-ms="7332" status="PASS">
          <reporter-output>
          </reporter-output>
        </test-method> <!-- productSearch -->
        <test-method is-config="true" signature="closeBrowser(org.testng.ITestResult)[pri:0, instance:com.ExitTest.tests.HomePageTests@2807bdeb]" started-at="2022-02-10T16:48:55Z" name="closeBrowser" finished-at="2022-02-10T16:48:56Z" duration-ms="770" status="PASS">
          <params>
            <param index="0">
              <value>
                <![CDATA[[TestResult name=productSearch status=SUCCESS method=HomePageTests.productSearch()[pri:8, instance:com.ExitTest.tests.HomePageTests@2807bdeb] output={null}]]]>
              </value>
            </param>
          </params>
          <reporter-output>
          </reporter-output>
        </test-method> <!-- closeBrowser -->
        <test-method is-config="true" signature="attachScreenshot(org.testng.ITestResult)[pri:0, instance:com.ExitTest.tests.HomePageTests@2807bdeb]" started-at="2022-02-10T16:48:55Z" name="attachScreenshot" finished-at="2022-02-10T16:48:55Z" duration-ms="0" status="PASS">
          <params>
            <param index="0">
              <value>
                <![CDATA[[TestResult name=productSearch status=SUCCESS method=HomePageTests.productSearch()[pri:8, instance:com.ExitTest.tests.HomePageTests@2807bdeb] output={null}]]]>
              </value>
            </param>
          </params>
          <reporter-output>
          </reporter-output>
        </test-method> <!-- attachScreenshot -->
        <test-method is-config="true" signature="initializeWebDriver()[pri:0, instance:com.ExitTest.tests.HomePageTests@2807bdeb]" started-at="2022-02-10T16:48:56Z" name="initializeWebDriver" finished-at="2022-02-10T16:48:58Z" duration-ms="2015" status="PASS">
          <reporter-output>
          </reporter-output>
        </test-method> <!-- initializeWebDriver -->
        <test-method is-config="true" signature="openUrl()[pri:0, instance:com.ExitTest.tests.HomePageTests@2807bdeb]" started-at="2022-02-10T16:48:58Z" name="openUrl" finished-at="2022-02-10T16:49:46Z" duration-ms="48528" status="PASS">
          <reporter-output>
          </reporter-output>
        </test-method> <!-- openUrl -->
        <test-method signature="wishlistProduct()[pri:9, instance:com.ExitTest.tests.HomePageTests@2807bdeb]" started-at="2022-02-10T16:49:46Z" name="wishlistProduct" finished-at="2022-02-10T16:49:46Z" duration-ms="38" status="FAIL">
          <exception class="org.openqa.selenium.NoSuchElementException">
            <message>
              <![CDATA[no such element: Unable to locate element: {"method":"xpath","selector":"//input[@class='_2IX_2- VJZDxU']"}
  (Session info: chrome=98.0.4758.82)
For documentation on this error, please visit: https://www.seleniumhq.org/exceptions/no_such_element.html
Build info: version: '3.141.59', revision: 'e82be7d358', time: '2018-11-14T08:17:03'
System info: host: 'YASH_PATEL', ip: '192.168.167.71', os.name: 'Windows 10', os.arch: 'amd64', os.version: '10.0', java.version: '11.0.11'
Driver info: org.openqa.selenium.chrome.ChromeDriver
Capabilities {acceptInsecureCerts: false, browserName: chrome, browserVersion: 98.0.4758.82, chrome: {chromedriverVersion: 98.0.4758.80 (7f0488e8ba0d8..., userDataDir: C:\Users\YASHPA~1\AppData\L...}, goog:chromeOptions: {debuggerAddress: localhost:61747}, javascriptEnabled: true, networkConnectionEnabled: false, pageLoadStrategy: normal, platform: WINDOWS, platformName: WINDOWS, proxy: Proxy(), setWindowRect: true, strictFileInteractability: false, timeouts: {implicit: 0, pageLoad: 300000, script: 30000}, unhandledPromptBehavior: dismiss and notify, webauthn:extension:credBlob: true, webauthn:extension:largeBlob: true, webauthn:virtualAuthenticators: true}
Session ID: dd50b9762080b8668a3bb639585c1aca
*** Element info: {Using=xpath, value=//input[@class='_2IX_2- VJZDxU']}]]>
            </message>
            <full-stacktrace>
              <![CDATA[org.openqa.selenium.NoSuchElementException: no such element: Unable to locate element: {"method":"xpath","selector":"//input[@class='_2IX_2- VJZDxU']"}
  (Session info: chrome=98.0.4758.82)
For documentation on this error, please visit: https://www.seleniumhq.org/exceptions/no_such_element.html
Build info: version: '3.141.59', revision: 'e82be7d358', time: '2018-11-14T08:17:03'
System info: host: 'YASH_PATEL', ip: '192.168.167.71', os.name: 'Windows 10', os.arch: 'amd64', os.version: '10.0', java.version: '11.0.11'
Driver info: org.openqa.selenium.chrome.ChromeDriver
Capabilities {acceptInsecureCerts: false, browserName: chrome, browserVersion: 98.0.4758.82, chrome: {chromedriverVersion: 98.0.4758.80 (7f0488e8ba0d8..., userDataDir: C:\Users\YASHPA~1\AppData\L...}, goog:chromeOptions: {debuggerAddress: localhost:61747}, javascriptEnabled: true, networkConnectionEnabled: false, pageLoadStrategy: normal, platform: WINDOWS, platformName: WINDOWS, proxy: Proxy(), setWindowRect: true, strictFileInteractability: false, timeouts: {implicit: 0, pageLoad: 300000, script: 30000}, unhandledPromptBehavior: dismiss and notify, webauthn:extension:credBlob: true, webauthn:extension:largeBlob: true, webauthn:virtualAuthenticators: true}
Session ID: dd50b9762080b8668a3bb639585c1aca
*** Element info: {Using=xpath, value=//input[@class='_2IX_2- VJZDxU']}
at java.base/jdk.internal.reflect.NativeConstructorAccessorImpl.newInstance0(Native Method)
at java.base/jdk.internal.reflect.NativeConstructorAccessorImpl.newInstance(NativeConstructorAccessorImpl.java:62)
at java.base/jdk.internal.reflect.DelegatingConstructorAccessorImpl.newInstance(DelegatingConstructorAccessorImpl.java:45)
at java.base/java.lang.reflect.Constructor.newInstance(Constructor.java:490)
at org.openqa.selenium.remote.http.W3CHttpResponseCodec.createException(W3CHttpResponseCodec.java:187)
at org.openqa.selenium.remote.http.W3CHttpResponseCodec.decode(W3CHttpResponseCodec.java:122)
at org.openqa.selenium.remote.http.W3CHttpResponseCodec.decode(W3CHttpResponseCodec.java:49)
at org.openqa.selenium.remote.HttpCommandExecutor.execute(HttpCommandExecutor.java:158)
at org.openqa.selenium.remote.service.DriverCommandExecutor.execute(DriverCommandExecutor.java:83)
at org.openqa.selenium.remote.RemoteWebDriver.execute(RemoteWebDriver.java:552)
at org.openqa.selenium.remote.RemoteWebDriver.findElement(RemoteWebDriver.java:323)
at org.openqa.selenium.remote.RemoteWebDriver.findElementByXPath(RemoteWebDriver.java:428)
at org.openqa.selenium.By$ByXPath.findElement(By.java:353)
at org.openqa.selenium.remote.RemoteWebDriver.findElement(RemoteWebDriver.java:315)
at org.openqa.selenium.support.pagefactory.DefaultElementLocator.findElement(DefaultElementLocator.java:69)
at org.openqa.selenium.support.pagefactory.internal.LocatingElementHandler.invoke(LocatingElementHandler.java:38)
at com.sun.proxy.$Proxy15.sendKeys(Unknown Source)
at com.ExitTest.pages.LoginPage.enterUserName(LoginPage.java:37)
at com.ExitTest.tests.HomePageTests.wishlistProduct(HomePageTests.java:67)
at java.base/jdk.internal.reflect.NativeMethodAccessorImpl.invoke0(Native Method)
at java.base/jdk.internal.reflect.NativeMethodAccessorImpl.invoke(NativeMethodAccessorImpl.java:62)
at java.base/jdk.internal.reflect.DelegatingMethodAccessorImpl.invoke(DelegatingMethodAccessorImpl.java:43)
at java.base/java.lang.reflect.Method.invoke(Method.java:566)
at org.testng.internal.MethodInvocationHelper.invokeMethod(MethodInvocationHelper.java:124)
at org.testng.internal.Invoker.invokeMethod(Invoker.java:583)
at org.testng.internal.Invoker.invokeTestMethod(Invoker.java:719)
at org.testng.internal.Invoker.invokeTestMethods(Invoker.java:989)
at org.testng.internal.TestMethodWorker.invokeTestMethods(TestMethodWorker.java:125)
at org.testng.internal.TestMethodWorker.run(TestMethodWorker.java:109)
at org.testng.TestRunner.privateRun(TestRunner.java:648)
at org.testng.TestRunner.run(TestRunner.java:505)
at org.testng.SuiteRunner.runTest(SuiteRunner.java:455)
at org.testng.SuiteRunner.runSequentially(SuiteRunner.java:450)
at org.testng.SuiteRunner.privateRun(SuiteRunner.java:415)
at org.testng.SuiteRunner.run(SuiteRunner.java:364)
at org.testng.SuiteRunnerWorker.runSuite(SuiteRunnerWorker.java:52)
at org.testng.SuiteRunnerWorker.run(SuiteRunnerWorker.java:84)
at org.testng.TestNG.runSuitesSequentially(TestNG.java:1208)
at org.testng.TestNG.runSuitesLocally(TestNG.java:1137)
at org.testng.TestNG.runSuites(TestNG.java:1049)
at org.testng.TestNG.run(TestNG.java:1017)
at org.testng.remote.AbstractRemoteTestNG.run(AbstractRemoteTestNG.java:115)
at org.testng.remote.RemoteTestNG.initAndRun(RemoteTestNG.java:251)
at org.testng.remote.RemoteTestNG.main(RemoteTestNG.java:77)
]]>
            </full-stacktrace>
          </exception> <!-- org.openqa.selenium.NoSuchElementException -->
          <reporter-output>
          </reporter-output>
        </test-method> <!-- wishlistProduct -->
        <test-method is-config="true" signature="attachScreenshot(org.testng.ITestResult)[pri:0, instance:com.ExitTest.tests.HomePageTests@2807bdeb]" started-at="2022-02-10T16:49:46Z" name="attachScreenshot" finished-at="2022-02-10T16:49:47Z" duration-ms="177" status="PASS">
          <params>
            <param index="0">
              <value>
                <![CDATA[[TestResult name=wishlistProduct status=FAILURE method=HomePageTests.wishlistProduct()[pri:9, instance:com.ExitTest.tests.HomePageTests@2807bdeb] output={null}]]]>
              </value>
            </param>
          </params>
          <reporter-output>
          </reporter-output>
        </test-method> <!-- attachScreenshot -->
        <test-method is-config="true" signature="closeBrowser(org.testng.ITestResult)[pri:0, instance:com.ExitTest.tests.HomePageTests@2807bdeb]" started-at="2022-02-10T16:49:47Z" name="closeBrowser" finished-at="2022-02-10T16:49:47Z" duration-ms="748" status="PASS">
          <params>
            <param index="0">
              <value>
                <![CDATA[[TestResult name=wishlistProduct status=FAILURE method=HomePageTests.wishlistProduct()[pri:9, instance:com.ExitTest.tests.HomePageTests@2807bdeb] output={null}]]]>
              </value>
            </param>
          </params>
          <reporter-output>
          </reporter-output>
        </test-method> <!-- closeBrowser -->
        <test-method is-config="true" signature="initializeWebDriver()[pri:0, instance:com.ExitTest.tests.HomePageTests@2807bdeb]" started-at="2022-02-10T16:49:47Z" name="initializeWebDriver" finished-at="2022-02-10T16:49:49Z" duration-ms="1525" status="PASS">
          <reporter-output>
          </reporter-output>
        </test-method> <!-- initializeWebDriver -->
        <test-method is-config="true" signature="openUrl()[pri:0, instance:com.ExitTest.tests.HomePageTests@2807bdeb]" started-at="2022-02-10T16:49:49Z" name="openUrl" finished-at="2022-02-10T16:49:54Z" duration-ms="4925" status="PASS">
          <reporter-output>
          </reporter-output>
        </test-method> <!-- openUrl -->
        <test-method signature="removeWishlistProduct()[pri:10, instance:com.ExitTest.tests.HomePageTests@2807bdeb]" started-at="2022-02-10T16:49:54Z" name="removeWishlistProduct" finished-at="2022-02-10T16:49:58Z" duration-ms="3678" status="FAIL">
          <exception class="org.openqa.selenium.NoSuchElementException">
            <message>
              <![CDATA[no such element: Unable to locate element: {"method":"xpath","selector":"//img[@class='_2Nq6Qc']"}
  (Session info: chrome=98.0.4758.82)
For documentation on this error, please visit: https://www.seleniumhq.org/exceptions/no_such_element.html
Build info: version: '3.141.59', revision: 'e82be7d358', time: '2018-11-14T08:17:03'
System info: host: 'YASH_PATEL', ip: '192.168.167.71', os.name: 'Windows 10', os.arch: 'amd64', os.version: '10.0', java.version: '11.0.11'
Driver info: org.openqa.selenium.chrome.ChromeDriver
Capabilities {acceptInsecureCerts: false, browserName: chrome, browserVersion: 98.0.4758.82, chrome: {chromedriverVersion: 98.0.4758.80 (7f0488e8ba0d8..., userDataDir: C:\Users\YASHPA~1\AppData\L...}, goog:chromeOptions: {debuggerAddress: localhost:61815}, javascriptEnabled: true, networkConnectionEnabled: false, pageLoadStrategy: normal, platform: WINDOWS, platformName: WINDOWS, proxy: Proxy(), setWindowRect: true, strictFileInteractability: false, timeouts: {implicit: 0, pageLoad: 300000, script: 30000}, unhandledPromptBehavior: dismiss and notify, webauthn:extension:credBlob: true, webauthn:extension:largeBlob: true, webauthn:virtualAuthenticators: true}
Session ID: ebb5a73817b7b4ebd9060b426f59f08f
*** Element info: {Using=xpath, value=//img[@class='_2Nq6Qc']}]]>
            </message>
            <full-stacktrace>
              <![CDATA[org.openqa.selenium.NoSuchElementException: no such element: Unable to locate element: {"method":"xpath","selector":"//img[@class='_2Nq6Qc']"}
  (Session info: chrome=98.0.4758.82)
For documentation on this error, please visit: https://www.seleniumhq.org/exceptions/no_such_element.html
Build info: version: '3.141.59', revision: 'e82be7d358', time: '2018-11-14T08:17:03'
System info: host: 'YASH_PATEL', ip: '192.168.167.71', os.name: 'Windows 10', os.arch: 'amd64', os.version: '10.0', java.version: '11.0.11'
Driver info: org.openqa.selenium.chrome.ChromeDriver
Capabilities {acceptInsecureCerts: false, browserName: chrome, browserVersion: 98.0.4758.82, chrome: {chromedriverVersion: 98.0.4758.80 (7f0488e8ba0d8..., userDataDir: C:\Users\YASHPA~1\AppData\L...}, goog:chromeOptions: {debuggerAddress: localhost:61815}, javascriptEnabled: true, networkConnectionEnabled: false, pageLoadStrategy: normal, platform: WINDOWS, platformName: WINDOWS, proxy: Proxy(), setWindowRect: true, strictFileInteractability: false, timeouts: {implicit: 0, pageLoad: 300000, script: 30000}, unhandledPromptBehavior: dismiss and notify, webauthn:extension:credBlob: true, webauthn:extension:largeBlob: true, webauthn:virtualAuthenticators: true}
Session ID: ebb5a73817b7b4ebd9060b426f59f08f
*** Element info: {Using=xpath, value=//img[@class='_2Nq6Qc']}
at java.base/jdk.internal.reflect.NativeConstructorAccessorImpl.newInstance0(Native Method)
at java.base/jdk.internal.reflect.NativeConstructorAccessorImpl.newInstance(NativeConstructorAccessorImpl.java:62)
at java.base/jdk.internal.reflect.DelegatingConstructorAccessorImpl.newInstance(DelegatingConstructorAccessorImpl.java:45)
at java.base/java.lang.reflect.Constructor.newInstance(Constructor.java:490)
at org.openqa.selenium.remote.http.W3CHttpResponseCodec.createException(W3CHttpResponseCodec.java:187)
at org.openqa.selenium.remote.http.W3CHttpResponseCodec.decode(W3CHttpResponseCodec.java:122)
at org.openqa.selenium.remote.http.W3CHttpResponseCodec.decode(W3CHttpResponseCodec.java:49)
at org.openqa.selenium.remote.HttpCommandExecutor.execute(HttpCommandExecutor.java:158)
at org.openqa.selenium.remote.service.DriverCommandExecutor.execute(DriverCommandExecutor.java:83)
at org.openqa.selenium.remote.RemoteWebDriver.execute(RemoteWebDriver.java:552)
at org.openqa.selenium.remote.RemoteWebDriver.findElement(RemoteWebDriver.java:323)
at org.openqa.selenium.remote.RemoteWebDriver.findElementByXPath(RemoteWebDriver.java:428)
at org.openqa.selenium.By$ByXPath.findElement(By.java:353)
at org.openqa.selenium.remote.RemoteWebDriver.findElement(RemoteWebDriver.java:315)
at org.openqa.selenium.support.pagefactory.DefaultElementLocator.findElement(DefaultElementLocator.java:69)
at org.openqa.selenium.support.pagefactory.internal.LocatingElementHandler.invoke(LocatingElementHandler.java:38)
at com.sun.proxy.$Proxy15.click(Unknown Source)
at com.ExitTest.pages.HomePage.removeFromWishlist(HomePage.java:107)
at com.ExitTest.tests.HomePageTests.removeWishlistProduct(HomePageTests.java:111)
at java.base/jdk.internal.reflect.NativeMethodAccessorImpl.invoke0(Native Method)
at java.base/jdk.internal.reflect.NativeMethodAccessorImpl.invoke(NativeMethodAccessorImpl.java:62)
at java.base/jdk.internal.reflect.DelegatingMethodAccessorImpl.invoke(DelegatingMethodAccessorImpl.java:43)
at java.base/java.lang.reflect.Method.invoke(Method.java:566)
at org.testng.internal.MethodInvocationHelper.invokeMethod(MethodInvocationHelper.java:124)
at org.testng.internal.Invoker.invokeMethod(Invoker.java:583)
at org.testng.internal.Invoker.invokeTestMethod(Invoker.java:719)
at org.testng.internal.Invoker.invokeTestMethods(Invoker.java:989)
at org.testng.internal.TestMethodWorker.invokeTestMethods(TestMethodWorker.java:125)
at org.testng.internal.TestMethodWorker.run(TestMethodWorker.java:109)
at org.testng.TestRunner.privateRun(TestRunner.java:648)
at org.testng.TestRunner.run(TestRunner.java:505)
at org.testng.SuiteRunner.runTest(SuiteRunner.java:455)
at org.testng.SuiteRunner.runSequentially(SuiteRunner.java:450)
at org.testng.SuiteRunner.privateRun(SuiteRunner.java:415)
at org.testng.SuiteRunner.run(SuiteRunner.java:364)
at org.testng.SuiteRunnerWorker.runSuite(SuiteRunnerWorker.java:52)
at org.testng.SuiteRunnerWorker.run(SuiteRunnerWorker.java:84)
at org.testng.TestNG.runSuitesSequentially(TestNG.java:1208)
at org.testng.TestNG.runSuitesLocally(TestNG.java:1137)
at org.testng.TestNG.runSuites(TestNG.java:1049)
at org.testng.TestNG.run(TestNG.java:1017)
at org.testng.remote.AbstractRemoteTestNG.run(AbstractRemoteTestNG.java:115)
at org.testng.remote.RemoteTestNG.initAndRun(RemoteTestNG.java:251)
at org.testng.remote.RemoteTestNG.main(RemoteTestNG.java:77)
]]>
            </full-stacktrace>
          </exception> <!-- org.openqa.selenium.NoSuchElementException -->
          <reporter-output>
          </reporter-output>
        </test-method> <!-- removeWishlistProduct -->
        <test-method is-config="true" signature="attachScreenshot(org.testng.ITestResult)[pri:0, instance:com.ExitTest.tests.HomePageTests@2807bdeb]" started-at="2022-02-10T16:49:58Z" name="attachScreenshot" finished-at="2022-02-10T16:49:58Z" duration-ms="472" status="PASS">
          <params>
            <param index="0">
              <value>
                <![CDATA[[TestResult name=removeWishlistProduct status=FAILURE method=HomePageTests.removeWishlistProduct()[pri:10, instance:com.ExitTest.tests.HomePageTests@2807bdeb] output={null}]]]>
              </value>
            </param>
          </params>
          <reporter-output>
          </reporter-output>
        </test-method> <!-- attachScreenshot -->
        <test-method is-config="true" signature="closeBrowser(org.testng.ITestResult)[pri:0, instance:com.ExitTest.tests.HomePageTests@2807bdeb]" started-at="2022-02-10T16:49:58Z" name="closeBrowser" finished-at="2022-02-10T16:49:59Z" duration-ms="891" status="PASS">
          <params>
            <param index="0">
              <value>
                <![CDATA[[TestResult name=removeWishlistProduct status=FAILURE method=HomePageTests.removeWishlistProduct()[pri:10, instance:com.ExitTest.tests.HomePageTests@2807bdeb] output={null}]]]>
              </value>
            </param>
          </params>
          <reporter-output>
          </reporter-output>
        </test-method> <!-- closeBrowser -->
        <test-method is-config="true" signature="initializeWebDriver()[pri:0, instance:com.ExitTest.tests.HomePageTests@2807bdeb]" started-at="2022-02-10T16:49:59Z" name="initializeWebDriver" finished-at="2022-02-10T16:50:01Z" duration-ms="2064" status="PASS">
          <reporter-output>
          </reporter-output>
        </test-method> <!-- initializeWebDriver -->
        <test-method is-config="true" signature="openUrl()[pri:0, instance:com.ExitTest.tests.HomePageTests@2807bdeb]" started-at="2022-02-10T16:50:01Z" name="openUrl" finished-at="2022-02-10T16:50:06Z" duration-ms="5516" status="PASS">
          <reporter-output>
          </reporter-output>
        </test-method> <!-- openUrl -->
        <test-method signature="myOrders()[pri:11, instance:com.ExitTest.tests.HomePageTests@2807bdeb]" started-at="2022-02-10T16:50:06Z" name="myOrders" finished-at="2022-02-10T16:50:28Z" duration-ms="21979" status="FAIL">
          <exception class="org.openqa.selenium.NoSuchElementException">
            <message>
              <![CDATA[no such element: Unable to locate element: {"method":"xpath","selector":"//div[normalize-space()='Orders']"}
  (Session info: chrome=98.0.4758.82)
For documentation on this error, please visit: https://www.seleniumhq.org/exceptions/no_such_element.html
Build info: version: '3.141.59', revision: 'e82be7d358', time: '2018-11-14T08:17:03'
System info: host: 'YASH_PATEL', ip: '192.168.167.71', os.name: 'Windows 10', os.arch: 'amd64', os.version: '10.0', java.version: '11.0.11'
Driver info: org.openqa.selenium.chrome.ChromeDriver
Capabilities {acceptInsecureCerts: false, browserName: chrome, browserVersion: 98.0.4758.82, chrome: {chromedriverVersion: 98.0.4758.80 (7f0488e8ba0d8..., userDataDir: C:\Users\YASHPA~1\AppData\L...}, goog:chromeOptions: {debuggerAddress: localhost:61864}, javascriptEnabled: true, networkConnectionEnabled: false, pageLoadStrategy: normal, platform: WINDOWS, platformName: WINDOWS, proxy: Proxy(), setWindowRect: true, strictFileInteractability: false, timeouts: {implicit: 0, pageLoad: 300000, script: 30000}, unhandledPromptBehavior: dismiss and notify, webauthn:extension:credBlob: true, webauthn:extension:largeBlob: true, webauthn:virtualAuthenticators: true}
Session ID: 74cf4ba88af979e923ab14db2b73db83
*** Element info: {Using=xpath, value=//div[normalize-space()='Orders']}]]>
            </message>
            <full-stacktrace>
              <![CDATA[org.openqa.selenium.NoSuchElementException: no such element: Unable to locate element: {"method":"xpath","selector":"//div[normalize-space()='Orders']"}
  (Session info: chrome=98.0.4758.82)
For documentation on this error, please visit: https://www.seleniumhq.org/exceptions/no_such_element.html
Build info: version: '3.141.59', revision: 'e82be7d358', time: '2018-11-14T08:17:03'
System info: host: 'YASH_PATEL', ip: '192.168.167.71', os.name: 'Windows 10', os.arch: 'amd64', os.version: '10.0', java.version: '11.0.11'
Driver info: org.openqa.selenium.chrome.ChromeDriver
Capabilities {acceptInsecureCerts: false, browserName: chrome, browserVersion: 98.0.4758.82, chrome: {chromedriverVersion: 98.0.4758.80 (7f0488e8ba0d8..., userDataDir: C:\Users\YASHPA~1\AppData\L...}, goog:chromeOptions: {debuggerAddress: localhost:61864}, javascriptEnabled: true, networkConnectionEnabled: false, pageLoadStrategy: normal, platform: WINDOWS, platformName: WINDOWS, proxy: Proxy(), setWindowRect: true, strictFileInteractability: false, timeouts: {implicit: 0, pageLoad: 300000, script: 30000}, unhandledPromptBehavior: dismiss and notify, webauthn:extension:credBlob: true, webauthn:extension:largeBlob: true, webauthn:virtualAuthenticators: true}
Session ID: 74cf4ba88af979e923ab14db2b73db83
*** Element info: {Using=xpath, value=//div[normalize-space()='Orders']}
at java.base/jdk.internal.reflect.NativeConstructorAccessorImpl.newInstance0(Native Method)
at java.base/jdk.internal.reflect.NativeConstructorAccessorImpl.newInstance(NativeConstructorAccessorImpl.java:62)
at java.base/jdk.internal.reflect.DelegatingConstructorAccessorImpl.newInstance(DelegatingConstructorAccessorImpl.java:45)
at java.base/java.lang.reflect.Constructor.newInstance(Constructor.java:490)
at org.openqa.selenium.remote.http.W3CHttpResponseCodec.createException(W3CHttpResponseCodec.java:187)
at org.openqa.selenium.remote.http.W3CHttpResponseCodec.decode(W3CHttpResponseCodec.java:122)
at org.openqa.selenium.remote.http.W3CHttpResponseCodec.decode(W3CHttpResponseCodec.java:49)
at org.openqa.selenium.remote.HttpCommandExecutor.execute(HttpCommandExecutor.java:158)
at org.openqa.selenium.remote.service.DriverCommandExecutor.execute(DriverCommandExecutor.java:83)
at org.openqa.selenium.remote.RemoteWebDriver.execute(RemoteWebDriver.java:552)
at org.openqa.selenium.remote.RemoteWebDriver.findElement(RemoteWebDriver.java:323)
at org.openqa.selenium.remote.RemoteWebDriver.findElementByXPath(RemoteWebDriver.java:428)
at org.openqa.selenium.By$ByXPath.findElement(By.java:353)
at org.openqa.selenium.remote.RemoteWebDriver.findElement(RemoteWebDriver.java:315)
at org.openqa.selenium.support.pagefactory.DefaultElementLocator.findElement(DefaultElementLocator.java:69)
at org.openqa.selenium.support.pagefactory.internal.LocatingElementHandler.invoke(LocatingElementHandler.java:38)
at com.sun.proxy.$Proxy15.click(Unknown Source)
at com.ExitTest.pages.HomePage.yourOrders(HomePage.java:117)
at com.ExitTest.tests.HomePageTests.myOrders(HomePageTests.java:148)
at java.base/jdk.internal.reflect.NativeMethodAccessorImpl.invoke0(Native Method)
at java.base/jdk.internal.reflect.NativeMethodAccessorImpl.invoke(NativeMethodAccessorImpl.java:62)
at java.base/jdk.internal.reflect.DelegatingMethodAccessorImpl.invoke(DelegatingMethodAccessorImpl.java:43)
at java.base/java.lang.reflect.Method.invoke(Method.java:566)
at org.testng.internal.MethodInvocationHelper.invokeMethod(MethodInvocationHelper.java:124)
at org.testng.internal.Invoker.invokeMethod(Invoker.java:583)
at org.testng.internal.Invoker.invokeTestMethod(Invoker.java:719)
at org.testng.internal.Invoker.invokeTestMethods(Invoker.java:989)
at org.testng.internal.TestMethodWorker.invokeTestMethods(TestMethodWorker.java:125)
at org.testng.internal.TestMethodWorker.run(TestMethodWorker.java:109)
at org.testng.TestRunner.privateRun(TestRunner.java:648)
at org.testng.TestRunner.run(TestRunner.java:505)
at org.testng.SuiteRunner.runTest(SuiteRunner.java:455)
at org.testng.SuiteRunner.runSequentially(SuiteRunner.java:450)
at org.testng.SuiteRunner.privateRun(SuiteRunner.java:415)
at org.testng.SuiteRunner.run(SuiteRunner.java:364)
at org.testng.SuiteRunnerWorker.runSuite(SuiteRunnerWorker.java:52)
at org.testng.SuiteRunnerWorker.run(SuiteRunnerWorker.java:84)
at org.testng.TestNG.runSuitesSequentially(TestNG.java:1208)
at org.testng.TestNG.runSuitesLocally(TestNG.java:1137)
at org.testng.TestNG.runSuites(TestNG.java:1049)
at org.testng.TestNG.run(TestNG.java:1017)
at org.testng.remote.AbstractRemoteTestNG.run(AbstractRemoteTestNG.java:115)
at org.testng.remote.RemoteTestNG.initAndRun(RemoteTestNG.java:251)
at org.testng.remote.RemoteTestNG.main(RemoteTestNG.java:77)
]]>
            </full-stacktrace>
          </exception> <!-- org.openqa.selenium.NoSuchElementException -->
          <reporter-output>
          </reporter-output>
        </test-method> <!-- myOrders -->
        <test-method is-config="true" signature="attachScreenshot(org.testng.ITestResult)[pri:0, instance:com.ExitTest.tests.HomePageTests@2807bdeb]" started-at="2022-02-10T16:50:28Z" name="attachScreenshot" finished-at="2022-02-10T16:50:29Z" duration-ms="362" status="PASS">
          <params>
            <param index="0">
              <value>
                <![CDATA[[TestResult name=myOrders status=FAILURE method=HomePageTests.myOrders()[pri:11, instance:com.ExitTest.tests.HomePageTests@2807bdeb] output={null}]]]>
              </value>
            </param>
          </params>
          <reporter-output>
          </reporter-output>
        </test-method> <!-- attachScreenshot -->
        <test-method is-config="true" signature="closeBrowser(org.testng.ITestResult)[pri:0, instance:com.ExitTest.tests.HomePageTests@2807bdeb]" started-at="2022-02-10T16:50:29Z" name="closeBrowser" finished-at="2022-02-10T16:50:30Z" duration-ms="1088" status="PASS">
          <params>
            <param index="0">
              <value>
                <![CDATA[[TestResult name=myOrders status=FAILURE method=HomePageTests.myOrders()[pri:11, instance:com.ExitTest.tests.HomePageTests@2807bdeb] output={null}]]]>
              </value>
            </param>
          </params>
          <reporter-output>
          </reporter-output>
        </test-method> <!-- closeBrowser -->
        <test-method is-config="true" signature="initializeWebDriver()[pri:0, instance:com.ExitTest.tests.HomePageTests@2807bdeb]" started-at="2022-02-10T16:50:30Z" name="initializeWebDriver" finished-at="2022-02-10T16:50:32Z" duration-ms="2070" status="PASS">
          <reporter-output>
          </reporter-output>
        </test-method> <!-- initializeWebDriver -->
        <test-method is-config="true" signature="openUrl()[pri:0, instance:com.ExitTest.tests.HomePageTests@2807bdeb]" started-at="2022-02-10T16:50:32Z" name="openUrl" finished-at="2022-02-10T16:50:50Z" duration-ms="17577" status="PASS">
          <reporter-output>
          </reporter-output>
        </test-method> <!-- openUrl -->
        <test-method signature="superCoin()[pri:12, instance:com.ExitTest.tests.HomePageTests@2807bdeb]" started-at="2022-02-10T16:50:50Z" name="superCoin" finished-at="2022-02-10T16:51:12Z" duration-ms="22113" status="PASS">
          <reporter-output>
          </reporter-output>
        </test-method> <!-- superCoin -->
        <test-method is-config="true" signature="attachScreenshot(org.testng.ITestResult)[pri:0, instance:com.ExitTest.tests.HomePageTests@2807bdeb]" started-at="2022-02-10T16:51:12Z" name="attachScreenshot" finished-at="2022-02-10T16:51:12Z" duration-ms="0" status="PASS">
          <params>
            <param index="0">
              <value>
                <![CDATA[[TestResult name=superCoin status=SUCCESS method=HomePageTests.superCoin()[pri:12, instance:com.ExitTest.tests.HomePageTests@2807bdeb] output={null}]]]>
              </value>
            </param>
          </params>
          <reporter-output>
          </reporter-output>
        </test-method> <!-- attachScreenshot -->
        <test-method is-config="true" signature="closeBrowser(org.testng.ITestResult)[pri:0, instance:com.ExitTest.tests.HomePageTests@2807bdeb]" started-at="2022-02-10T16:51:12Z" name="closeBrowser" finished-at="2022-02-10T16:51:12Z" duration-ms="790" status="PASS">
          <params>
            <param index="0">
              <value>
                <![CDATA[[TestResult name=superCoin status=SUCCESS method=HomePageTests.superCoin()[pri:12, instance:com.ExitTest.tests.HomePageTests@2807bdeb] output={null}]]]>
              </value>
            </param>
          </params>
          <reporter-output>
          </reporter-output>
        </test-method> <!-- closeBrowser -->
        <test-method is-config="true" signature="initializeWebDriver()[pri:0, instance:com.ExitTest.tests.HomePageTests@2807bdeb]" started-at="2022-02-10T16:51:12Z" name="initializeWebDriver" finished-at="2022-02-10T16:51:14Z" duration-ms="1500" status="PASS">
          <reporter-output>
          </reporter-output>
        </test-method> <!-- initializeWebDriver -->
        <test-method is-config="true" signature="openUrl()[pri:0, instance:com.ExitTest.tests.HomePageTests@2807bdeb]" started-at="2022-02-10T16:51:14Z" name="openUrl" finished-at="2022-02-10T16:51:34Z" duration-ms="19805" status="PASS">
          <reporter-output>
          </reporter-output>
        </test-method> <!-- openUrl -->
        <test-method signature="flipkartLogo()[pri:13, instance:com.ExitTest.tests.HomePageTests@2807bdeb]" started-at="2022-02-10T16:51:34Z" name="flipkartLogo" finished-at="2022-02-10T16:51:50Z" duration-ms="16203" status="PASS">
          <reporter-output>
          </reporter-output>
        </test-method> <!-- flipkartLogo -->
        <test-method is-config="true" signature="attachScreenshot(org.testng.ITestResult)[pri:0, instance:com.ExitTest.tests.HomePageTests@2807bdeb]" started-at="2022-02-10T16:51:50Z" name="attachScreenshot" finished-at="2022-02-10T16:51:50Z" duration-ms="0" status="PASS">
          <params>
            <param index="0">
              <value>
                <![CDATA[[TestResult name=flipkartLogo status=SUCCESS method=HomePageTests.flipkartLogo()[pri:13, instance:com.ExitTest.tests.HomePageTests@2807bdeb] output={null}]]]>
              </value>
            </param>
          </params>
          <reporter-output>
          </reporter-output>
        </test-method> <!-- attachScreenshot -->
        <test-method is-config="true" signature="closeBrowser(org.testng.ITestResult)[pri:0, instance:com.ExitTest.tests.HomePageTests@2807bdeb]" started-at="2022-02-10T16:51:50Z" name="closeBrowser" finished-at="2022-02-10T16:51:51Z" duration-ms="747" status="PASS">
          <params>
            <param index="0">
              <value>
                <![CDATA[[TestResult name=flipkartLogo status=SUCCESS method=HomePageTests.flipkartLogo()[pri:13, instance:com.ExitTest.tests.HomePageTests@2807bdeb] output={null}]]]>
              </value>
            </param>
          </params>
          <reporter-output>
          </reporter-output>
        </test-method> <!-- closeBrowser -->
        <test-method is-config="true" signature="initializeWebDriver()[pri:0, instance:com.ExitTest.tests.HomePageTests@2807bdeb]" started-at="2022-02-10T16:51:51Z" name="initializeWebDriver" finished-at="2022-02-10T16:51:52Z" duration-ms="1574" status="PASS">
          <reporter-output>
          </reporter-output>
        </test-method> <!-- initializeWebDriver -->
        <test-method is-config="true" signature="openUrl()[pri:0, instance:com.ExitTest.tests.HomePageTests@2807bdeb]" started-at="2022-02-10T16:51:52Z" name="openUrl" finished-at="2022-02-10T16:52:13Z" duration-ms="20579" status="PASS">
          <reporter-output>
          </reporter-output>
        </test-method> <!-- openUrl -->
        <test-method signature="flipkartPlusZone()[pri:14, instance:com.ExitTest.tests.HomePageTests@2807bdeb]" started-at="2022-02-10T16:52:13Z" name="flipkartPlusZone" finished-at="2022-02-10T16:52:35Z" duration-ms="22249" status="PASS">
          <reporter-output>
          </reporter-output>
        </test-method> <!-- flipkartPlusZone -->
        <test-method is-config="true" signature="attachScreenshot(org.testng.ITestResult)[pri:0, instance:com.ExitTest.tests.HomePageTests@2807bdeb]" started-at="2022-02-10T16:52:35Z" name="attachScreenshot" finished-at="2022-02-10T16:52:35Z" duration-ms="0" status="PASS">
          <params>
            <param index="0">
              <value>
                <![CDATA[[TestResult name=flipkartPlusZone status=SUCCESS method=HomePageTests.flipkartPlusZone()[pri:14, instance:com.ExitTest.tests.HomePageTests@2807bdeb] output={null}]]]>
              </value>
            </param>
          </params>
          <reporter-output>
          </reporter-output>
        </test-method> <!-- attachScreenshot -->
        <test-method is-config="true" signature="closeBrowser(org.testng.ITestResult)[pri:0, instance:com.ExitTest.tests.HomePageTests@2807bdeb]" started-at="2022-02-10T16:52:35Z" name="closeBrowser" finished-at="2022-02-10T16:52:36Z" duration-ms="764" status="PASS">
          <params>
            <param index="0">
              <value>
                <![CDATA[[TestResult name=flipkartPlusZone status=SUCCESS method=HomePageTests.flipkartPlusZone()[pri:14, instance:com.ExitTest.tests.HomePageTests@2807bdeb] output={null}]]]>
              </value>
            </param>
          </params>
          <reporter-output>
          </reporter-output>
        </test-method> <!-- closeBrowser -->
        <test-method is-config="true" signature="initializeWebDriver()[pri:0, instance:com.ExitTest.tests.HomePageTests@2807bdeb]" started-at="2022-02-10T16:52:36Z" name="initializeWebDriver" finished-at="2022-02-10T16:52:37Z" duration-ms="1554" status="PASS">
          <reporter-output>
          </reporter-output>
        </test-method> <!-- initializeWebDriver -->
        <test-method is-config="true" signature="openUrl()[pri:0, instance:com.ExitTest.tests.HomePageTests@2807bdeb]" started-at="2022-02-10T16:52:37Z" name="openUrl" finished-at="2022-02-10T16:52:52Z" duration-ms="14740" status="PASS">
          <reporter-output>
          </reporter-output>
        </test-method> <!-- openUrl -->
        <test-method signature="flipkartCoupons()[pri:15, instance:com.ExitTest.tests.HomePageTests@2807bdeb]" started-at="2022-02-10T16:52:52Z" name="flipkartCoupons" finished-at="2022-02-10T16:53:19Z" duration-ms="26791" status="FAIL">
          <exception class="org.openqa.selenium.NoSuchElementException">
            <message>
              <![CDATA[no such element: Unable to locate element: {"method":"xpath","selector":"//div[@class='HrTrMw']"}
  (Session info: chrome=98.0.4758.82)
For documentation on this error, please visit: https://www.seleniumhq.org/exceptions/no_such_element.html
Build info: version: '3.141.59', revision: 'e82be7d358', time: '2018-11-14T08:17:03'
System info: host: 'YASH_PATEL', ip: '192.168.167.71', os.name: 'Windows 10', os.arch: 'amd64', os.version: '10.0', java.version: '11.0.11'
Driver info: org.openqa.selenium.chrome.ChromeDriver
Capabilities {acceptInsecureCerts: false, browserName: chrome, browserVersion: 98.0.4758.82, chrome: {chromedriverVersion: 98.0.4758.80 (7f0488e8ba0d8..., userDataDir: C:\Users\YASHPA~1\AppData\L...}, goog:chromeOptions: {debuggerAddress: localhost:62173}, javascriptEnabled: true, networkConnectionEnabled: false, pageLoadStrategy: normal, platform: WINDOWS, platformName: WINDOWS, proxy: Proxy(), setWindowRect: true, strictFileInteractability: false, timeouts: {implicit: 0, pageLoad: 300000, script: 30000}, unhandledPromptBehavior: dismiss and notify, webauthn:extension:credBlob: true, webauthn:extension:largeBlob: true, webauthn:virtualAuthenticators: true}
Session ID: 19f80c9c18a54f21a8083b6c9088cb6c
*** Element info: {Using=xpath, value=//div[@class='HrTrMw']}]]>
            </message>
            <full-stacktrace>
              <![CDATA[org.openqa.selenium.NoSuchElementException: no such element: Unable to locate element: {"method":"xpath","selector":"//div[@class='HrTrMw']"}
  (Session info: chrome=98.0.4758.82)
For documentation on this error, please visit: https://www.seleniumhq.org/exceptions/no_such_element.html
Build info: version: '3.141.59', revision: 'e82be7d358', time: '2018-11-14T08:17:03'
System info: host: 'YASH_PATEL', ip: '192.168.167.71', os.name: 'Windows 10', os.arch: 'amd64', os.version: '10.0', java.version: '11.0.11'
Driver info: org.openqa.selenium.chrome.ChromeDriver
Capabilities {acceptInsecureCerts: false, browserName: chrome, browserVersion: 98.0.4758.82, chrome: {chromedriverVersion: 98.0.4758.80 (7f0488e8ba0d8..., userDataDir: C:\Users\YASHPA~1\AppData\L...}, goog:chromeOptions: {debuggerAddress: localhost:62173}, javascriptEnabled: true, networkConnectionEnabled: false, pageLoadStrategy: normal, platform: WINDOWS, platformName: WINDOWS, proxy: Proxy(), setWindowRect: true, strictFileInteractability: false, timeouts: {implicit: 0, pageLoad: 300000, script: 30000}, unhandledPromptBehavior: dismiss and notify, webauthn:extension:credBlob: true, webauthn:extension:largeBlob: true, webauthn:virtualAuthenticators: true}
Session ID: 19f80c9c18a54f21a8083b6c9088cb6c
*** Element info: {Using=xpath, value=//div[@class='HrTrMw']}
at java.base/jdk.internal.reflect.NativeConstructorAccessorImpl.newInstance0(Native Method)
at java.base/jdk.internal.reflect.NativeConstructorAccessorImpl.newInstance(NativeConstructorAccessorImpl.java:62)
at java.base/jdk.internal.reflect.DelegatingConstructorAccessorImpl.newInstance(DelegatingConstructorAccessorImpl.java:45)
at java.base/java.lang.reflect.Constructor.newInstance(Constructor.java:490)
at org.openqa.selenium.remote.http.W3CHttpResponseCodec.createException(W3CHttpResponseCodec.java:187)
at org.openqa.selenium.remote.http.W3CHttpResponseCodec.decode(W3CHttpResponseCodec.java:122)
at org.openqa.selenium.remote.http.W3CHttpResponseCodec.decode(W3CHttpResponseCodec.java:49)
at org.openqa.selenium.remote.HttpCommandExecutor.execute(HttpCommandExecutor.java:158)
at org.openqa.selenium.remote.service.DriverCommandExecutor.execute(DriverCommandExecutor.java:83)
at org.openqa.selenium.remote.RemoteWebDriver.execute(RemoteWebDriver.java:552)
at org.openqa.selenium.remote.RemoteWebDriver.findElement(RemoteWebDriver.java:323)
at org.openqa.selenium.remote.RemoteWebDriver.findElementByXPath(RemoteWebDriver.java:428)
at org.openqa.selenium.By$ByXPath.findElement(By.java:353)
at org.openqa.selenium.remote.RemoteWebDriver.findElement(RemoteWebDriver.java:315)
at org.openqa.selenium.support.pagefactory.DefaultElementLocator.findElement(DefaultElementLocator.java:69)
at org.openqa.selenium.support.pagefactory.internal.LocatingElementHandler.invoke(LocatingElementHandler.java:38)
at com.sun.proxy.$Proxy15.getText(Unknown Source)
at com.ExitTest.tests.HomePageTests.flipkartCoupons(HomePageTests.java:316)
at java.base/jdk.internal.reflect.NativeMethodAccessorImpl.invoke0(Native Method)
at java.base/jdk.internal.reflect.NativeMethodAccessorImpl.invoke(NativeMethodAccessorImpl.java:62)
at java.base/jdk.internal.reflect.DelegatingMethodAccessorImpl.invoke(DelegatingMethodAccessorImpl.java:43)
at java.base/java.lang.reflect.Method.invoke(Method.java:566)
at org.testng.internal.MethodInvocationHelper.invokeMethod(MethodInvocationHelper.java:124)
at org.testng.internal.Invoker.invokeMethod(Invoker.java:583)
at org.testng.internal.Invoker.invokeTestMethod(Invoker.java:719)
at org.testng.internal.Invoker.invokeTestMethods(Invoker.java:989)
at org.testng.internal.TestMethodWorker.invokeTestMethods(TestMethodWorker.java:125)
at org.testng.internal.TestMethodWorker.run(TestMethodWorker.java:109)
at org.testng.TestRunner.privateRun(TestRunner.java:648)
at org.testng.TestRunner.run(TestRunner.java:505)
at org.testng.SuiteRunner.runTest(SuiteRunner.java:455)
at org.testng.SuiteRunner.runSequentially(SuiteRunner.java:450)
at org.testng.SuiteRunner.privateRun(SuiteRunner.java:415)
at org.testng.SuiteRunner.run(SuiteRunner.java:364)
at org.testng.SuiteRunnerWorker.runSuite(SuiteRunnerWorker.java:52)
at org.testng.SuiteRunnerWorker.run(SuiteRunnerWorker.java:84)
at org.testng.TestNG.runSuitesSequentially(TestNG.java:1208)
at org.testng.TestNG.runSuitesLocally(TestNG.java:1137)
at org.testng.TestNG.runSuites(TestNG.java:1049)
at org.testng.TestNG.run(TestNG.java:1017)
at org.testng.remote.AbstractRemoteTestNG.run(AbstractRemoteTestNG.java:115)
at org.testng.remote.RemoteTestNG.initAndRun(RemoteTestNG.java:251)
at org.testng.remote.RemoteTestNG.main(RemoteTestNG.java:77)
]]>
            </full-stacktrace>
          </exception> <!-- org.openqa.selenium.NoSuchElementException -->
          <reporter-output>
          </reporter-output>
        </test-method> <!-- flipkartCoupons -->
        <test-method is-config="true" signature="attachScreenshot(org.testng.ITestResult)[pri:0, instance:com.ExitTest.tests.HomePageTests@2807bdeb]" started-at="2022-02-10T16:53:19Z" name="attachScreenshot" finished-at="2022-02-10T16:53:19Z" duration-ms="265" status="PASS">
          <params>
            <param index="0">
              <value>
                <![CDATA[[TestResult name=flipkartCoupons status=FAILURE method=HomePageTests.flipkartCoupons()[pri:15, instance:com.ExitTest.tests.HomePageTests@2807bdeb] output={null}]]]>
              </value>
            </param>
          </params>
          <reporter-output>
          </reporter-output>
        </test-method> <!-- attachScreenshot -->
        <test-method is-config="true" signature="closeBrowser(org.testng.ITestResult)[pri:0, instance:com.ExitTest.tests.HomePageTests@2807bdeb]" started-at="2022-02-10T16:53:19Z" name="closeBrowser" finished-at="2022-02-10T16:53:20Z" duration-ms="1009" status="PASS">
          <params>
            <param index="0">
              <value>
                <![CDATA[[TestResult name=flipkartCoupons status=FAILURE method=HomePageTests.flipkartCoupons()[pri:15, instance:com.ExitTest.tests.HomePageTests@2807bdeb] output={null}]]]>
              </value>
            </param>
          </params>
          <reporter-output>
          </reporter-output>
        </test-method> <!-- closeBrowser -->
        <test-method is-config="true" signature="initializeWebDriver()[pri:0, instance:com.ExitTest.tests.HomePageTests@2807bdeb]" started-at="2022-02-10T16:53:20Z" name="initializeWebDriver" finished-at="2022-02-10T16:53:22Z" duration-ms="1455" status="PASS">
          <reporter-output>
          </reporter-output>
        </test-method> <!-- initializeWebDriver -->
        <test-method is-config="true" signature="openUrl()[pri:0, instance:com.ExitTest.tests.HomePageTests@2807bdeb]" started-at="2022-02-10T16:53:22Z" name="openUrl" finished-at="2022-02-10T16:53:38Z" duration-ms="15823" status="PASS">
          <reporter-output>
          </reporter-output>
        </test-method> <!-- openUrl -->
        <test-method signature="flipkartNotifications()[pri:16, instance:com.ExitTest.tests.HomePageTests@2807bdeb]" started-at="2022-02-10T16:53:38Z" name="flipkartNotifications" finished-at="2022-02-10T16:54:01Z" duration-ms="23125" status="PASS">
          <reporter-output>
          </reporter-output>
        </test-method> <!-- flipkartNotifications -->
        <test-method is-config="true" signature="attachScreenshot(org.testng.ITestResult)[pri:0, instance:com.ExitTest.tests.HomePageTests@2807bdeb]" started-at="2022-02-10T16:54:01Z" name="attachScreenshot" finished-at="2022-02-10T16:54:01Z" duration-ms="0" status="PASS">
          <params>
            <param index="0">
              <value>
                <![CDATA[[TestResult name=flipkartNotifications status=SUCCESS method=HomePageTests.flipkartNotifications()[pri:16, instance:com.ExitTest.tests.HomePageTests@2807bdeb] output={null}]]]>
              </value>
            </param>
          </params>
          <reporter-output>
          </reporter-output>
        </test-method> <!-- attachScreenshot -->
        <test-method is-config="true" signature="closeBrowser(org.testng.ITestResult)[pri:0, instance:com.ExitTest.tests.HomePageTests@2807bdeb]" started-at="2022-02-10T16:54:01Z" name="closeBrowser" finished-at="2022-02-10T16:54:01Z" duration-ms="778" status="PASS">
          <params>
            <param index="0">
              <value>
                <![CDATA[[TestResult name=flipkartNotifications status=SUCCESS method=HomePageTests.flipkartNotifications()[pri:16, instance:com.ExitTest.tests.HomePageTests@2807bdeb] output={null}]]]>
              </value>
            </param>
          </params>
          <reporter-output>
          </reporter-output>
        </test-method> <!-- closeBrowser -->
        <test-method is-config="true" signature="initializeWebDriver()[pri:0, instance:com.ExitTest.tests.HomePageTests@2807bdeb]" started-at="2022-02-10T16:54:01Z" name="initializeWebDriver" finished-at="2022-02-10T16:54:03Z" duration-ms="1445" status="PASS">
          <reporter-output>
          </reporter-output>
        </test-method> <!-- initializeWebDriver -->
        <test-method is-config="true" signature="openUrl()[pri:0, instance:com.ExitTest.tests.HomePageTests@2807bdeb]" started-at="2022-02-10T16:54:03Z" name="openUrl" finished-at="2022-02-10T16:54:15Z" duration-ms="12491" status="PASS">
          <reporter-output>
          </reporter-output>
        </test-method> <!-- openUrl -->
        <test-method signature="flipkartFilterType()[pri:17, instance:com.ExitTest.tests.HomePageTests@2807bdeb]" started-at="2022-02-10T16:54:15Z" name="flipkartFilterType" finished-at="2022-02-10T16:54:36Z" duration-ms="20890" status="PASS">
          <reporter-output>
          </reporter-output>
        </test-method> <!-- flipkartFilterType -->
        <test-method is-config="true" signature="attachScreenshot(org.testng.ITestResult)[pri:0, instance:com.ExitTest.tests.HomePageTests@2807bdeb]" started-at="2022-02-10T16:54:36Z" name="attachScreenshot" finished-at="2022-02-10T16:54:36Z" duration-ms="0" status="PASS">
          <params>
            <param index="0">
              <value>
                <![CDATA[[TestResult name=flipkartFilterType status=SUCCESS method=HomePageTests.flipkartFilterType()[pri:17, instance:com.ExitTest.tests.HomePageTests@2807bdeb] output={null}]]]>
              </value>
            </param>
          </params>
          <reporter-output>
          </reporter-output>
        </test-method> <!-- attachScreenshot -->
        <test-method is-config="true" signature="closeBrowser(org.testng.ITestResult)[pri:0, instance:com.ExitTest.tests.HomePageTests@2807bdeb]" started-at="2022-02-10T16:54:36Z" name="closeBrowser" finished-at="2022-02-10T16:54:37Z" duration-ms="734" status="PASS">
          <params>
            <param index="0">
              <value>
                <![CDATA[[TestResult name=flipkartFilterType status=SUCCESS method=HomePageTests.flipkartFilterType()[pri:17, instance:com.ExitTest.tests.HomePageTests@2807bdeb] output={null}]]]>
              </value>
            </param>
          </params>
          <reporter-output>
          </reporter-output>
        </test-method> <!-- closeBrowser -->
        <test-method is-config="true" signature="initializeWebDriver()[pri:0, instance:com.ExitTest.tests.HomePageTests@2807bdeb]" started-at="2022-02-10T16:54:37Z" name="initializeWebDriver" finished-at="2022-02-10T16:54:38Z" duration-ms="1464" status="PASS">
          <reporter-output>
          </reporter-output>
        </test-method> <!-- initializeWebDriver -->
        <test-method is-config="true" signature="openUrl()[pri:0, instance:com.ExitTest.tests.HomePageTests@2807bdeb]" started-at="2022-02-10T16:54:38Z" name="openUrl" finished-at="2022-02-10T16:54:56Z" duration-ms="17453" status="PASS">
          <reporter-output>
          </reporter-output>
        </test-method> <!-- openUrl -->
        <test-method signature="clickNext()[pri:18, instance:com.ExitTest.tests.HomePageTests@2807bdeb]" started-at="2022-02-10T16:54:56Z" name="clickNext" finished-at="2022-02-10T16:55:19Z" duration-ms="23435" status="PASS">
          <reporter-output>
          </reporter-output>
        </test-method> <!-- clickNext -->
        <test-method is-config="true" signature="attachScreenshot(org.testng.ITestResult)[pri:0, instance:com.ExitTest.tests.HomePageTests@2807bdeb]" started-at="2022-02-10T16:55:19Z" name="attachScreenshot" finished-at="2022-02-10T16:55:19Z" duration-ms="0" status="PASS">
          <params>
            <param index="0">
              <value>
                <![CDATA[[TestResult name=clickNext status=SUCCESS method=HomePageTests.clickNext()[pri:18, instance:com.ExitTest.tests.HomePageTests@2807bdeb] output={null}]]]>
              </value>
            </param>
          </params>
          <reporter-output>
          </reporter-output>
        </test-method> <!-- attachScreenshot -->
        <test-method is-config="true" signature="closeBrowser(org.testng.ITestResult)[pri:0, instance:com.ExitTest.tests.HomePageTests@2807bdeb]" started-at="2022-02-10T16:55:19Z" name="closeBrowser" finished-at="2022-02-10T16:55:20Z" duration-ms="785" status="PASS">
          <params>
            <param index="0">
              <value>
                <![CDATA[[TestResult name=clickNext status=SUCCESS method=HomePageTests.clickNext()[pri:18, instance:com.ExitTest.tests.HomePageTests@2807bdeb] output={null}]]]>
              </value>
            </param>
          </params>
          <reporter-output>
          </reporter-output>
        </test-method> <!-- closeBrowser -->
      </class> <!-- com.ExitTest.tests.HomePageTests -->
      <class name="com.ExitTest.tests.LogoutPageTests">
        <test-method is-config="true" signature="initializeWebDriver()[pri:0, instance:com.ExitTest.tests.LogoutPageTests@18920cc]" started-at="2022-02-10T16:47:51Z" name="initializeWebDriver" finished-at="2022-02-10T16:47:53Z" duration-ms="2109" status="PASS">
          <reporter-output>
          </reporter-output>
        </test-method> <!-- initializeWebDriver -->
        <test-method is-config="true" signature="openUrl()[pri:0, instance:com.ExitTest.tests.LogoutPageTests@18920cc]" started-at="2022-02-10T16:47:53Z" name="openUrl" finished-at="2022-02-10T16:48:02Z" duration-ms="8567" status="PASS">
          <reporter-output>
          </reporter-output>
        </test-method> <!-- openUrl -->
        <test-method signature="logout()[pri:7, instance:com.ExitTest.tests.LogoutPageTests@18920cc]" started-at="2022-02-10T16:48:02Z" name="logout" finished-at="2022-02-10T16:48:25Z" duration-ms="23013" status="PASS">
          <reporter-output>
          </reporter-output>
        </test-method> <!-- logout -->
        <test-method is-config="true" signature="attachScreenshot(org.testng.ITestResult)[pri:0, instance:com.ExitTest.tests.LogoutPageTests@18920cc]" started-at="2022-02-10T16:48:25Z" name="attachScreenshot" finished-at="2022-02-10T16:48:25Z" duration-ms="1" status="PASS">
          <params>
            <param index="0">
              <value>
                <![CDATA[[TestResult name=logout status=SUCCESS method=LogoutPageTests.logout()[pri:7, instance:com.ExitTest.tests.LogoutPageTests@18920cc] output={null}]]]>
              </value>
            </param>
          </params>
          <reporter-output>
          </reporter-output>
        </test-method> <!-- attachScreenshot -->
        <test-method is-config="true" signature="closeBrowser(org.testng.ITestResult)[pri:0, instance:com.ExitTest.tests.LogoutPageTests@18920cc]" started-at="2022-02-10T16:48:25Z" name="closeBrowser" finished-at="2022-02-10T16:48:26Z" duration-ms="822" status="PASS">
          <params>
            <param index="0">
              <value>
                <![CDATA[[TestResult name=logout status=SUCCESS method=LogoutPageTests.logout()[pri:7, instance:com.ExitTest.tests.LogoutPageTests@18920cc] output={null}]]]>
              </value>
            </param>
          </params>
          <reporter-output>
          </reporter-output>
        </test-method> <!-- closeBrowser -->
      </class> <!-- com.ExitTest.tests.LogoutPageTests -->
      <class name="com.ExitTest.tests.LoginPageTests">
        <test-method is-config="true" signature="setExtent()[pri:0, instance:com.ExitTest.tests.LoginPageTests@6ebf0f36]" started-at="2022-02-10T16:46:40Z" name="setExtent" finished-at="2022-02-10T16:46:40Z" duration-ms="137" status="PASS">
          <reporter-output>
          </reporter-output>
        </test-method> <!-- setExtent -->
        <test-method is-config="true" signature="initializeWebDriver()[pri:0, instance:com.ExitTest.tests.LoginPageTests@6ebf0f36]" started-at="2022-02-10T16:46:40Z" name="initializeWebDriver" finished-at="2022-02-10T16:46:42Z" duration-ms="2243" status="PASS">
          <reporter-output>
          </reporter-output>
        </test-method> <!-- initializeWebDriver -->
        <test-method is-config="true" signature="openUrl()[pri:0, instance:com.ExitTest.tests.LoginPageTests@6ebf0f36]" started-at="2022-02-10T16:46:42Z" name="openUrl" finished-at="2022-02-10T16:47:02Z" duration-ms="19525" status="PASS">
          <reporter-output>
          </reporter-output>
        </test-method> <!-- openUrl -->
        <test-method signature="validLogin()[pri:1, instance:com.ExitTest.tests.LoginPageTests@6ebf0f36]" started-at="2022-02-10T16:47:02Z" name="validLogin" finished-at="2022-02-10T16:47:04Z" duration-ms="2650" status="PASS">
          <reporter-output>
          </reporter-output>
        </test-method> <!-- validLogin -->
        <test-method is-config="true" signature="attachScreenshot(org.testng.ITestResult)[pri:0, instance:com.ExitTest.tests.LoginPageTests@6ebf0f36]" started-at="2022-02-10T16:47:04Z" name="attachScreenshot" finished-at="2022-02-10T16:47:04Z" duration-ms="3" status="PASS">
          <params>
            <param index="0">
              <value>
                <![CDATA[[TestResult name=validLogin status=SUCCESS method=LoginPageTests.validLogin()[pri:1, instance:com.ExitTest.tests.LoginPageTests@6ebf0f36] output={null}]]]>
              </value>
            </param>
          </params>
          <reporter-output>
          </reporter-output>
        </test-method> <!-- attachScreenshot -->
        <test-method is-config="true" signature="closeBrowser(org.testng.ITestResult)[pri:0, instance:com.ExitTest.tests.LoginPageTests@6ebf0f36]" started-at="2022-02-10T16:47:04Z" name="closeBrowser" finished-at="2022-02-10T16:47:05Z" duration-ms="731" status="PASS">
          <params>
            <param index="0">
              <value>
                <![CDATA[[TestResult name=validLogin status=SUCCESS method=LoginPageTests.validLogin()[pri:1, instance:com.ExitTest.tests.LoginPageTests@6ebf0f36] output={null}]]]>
              </value>
            </param>
          </params>
          <reporter-output>
          </reporter-output>
        </test-method> <!-- closeBrowser -->
        <test-method is-config="true" signature="initializeWebDriver()[pri:0, instance:com.ExitTest.tests.LoginPageTests@6ebf0f36]" started-at="2022-02-10T16:47:05Z" name="initializeWebDriver" finished-at="2022-02-10T16:47:07Z" duration-ms="1601" status="PASS">
          <reporter-output>
          </reporter-output>
        </test-method> <!-- initializeWebDriver -->
        <test-method is-config="true" signature="openUrl()[pri:0, instance:com.ExitTest.tests.LoginPageTests@6ebf0f36]" started-at="2022-02-10T16:47:07Z" name="openUrl" finished-at="2022-02-10T16:47:15Z" duration-ms="8259" status="PASS">
          <reporter-output>
          </reporter-output>
        </test-method> <!-- openUrl -->
        <test-method signature="invalidUsername()[pri:2, instance:com.ExitTest.tests.LoginPageTests@6ebf0f36]" started-at="2022-02-10T16:47:15Z" name="invalidUsername" finished-at="2022-02-10T16:47:17Z" duration-ms="2471" status="PASS">
          <reporter-output>
          </reporter-output>
        </test-method> <!-- invalidUsername -->
        <test-method is-config="true" signature="closeBrowser(org.testng.ITestResult)[pri:0, instance:com.ExitTest.tests.LoginPageTests@6ebf0f36]" started-at="2022-02-10T16:47:17Z" name="closeBrowser" finished-at="2022-02-10T16:47:18Z" duration-ms="713" status="PASS">
          <params>
            <param index="0">
              <value>
                <![CDATA[[TestResult name=invalidUsername status=SUCCESS method=LoginPageTests.invalidUsername()[pri:2, instance:com.ExitTest.tests.LoginPageTests@6ebf0f36] output={null}]]]>
              </value>
            </param>
          </params>
          <reporter-output>
          </reporter-output>
        </test-method> <!-- closeBrowser -->
        <test-method is-config="true" signature="attachScreenshot(org.testng.ITestResult)[pri:0, instance:com.ExitTest.tests.LoginPageTests@6ebf0f36]" started-at="2022-02-10T16:47:17Z" name="attachScreenshot" finished-at="2022-02-10T16:47:17Z" duration-ms="0" status="PASS">
          <params>
            <param index="0">
              <value>
                <![CDATA[[TestResult name=invalidUsername status=SUCCESS method=LoginPageTests.invalidUsername()[pri:2, instance:com.ExitTest.tests.LoginPageTests@6ebf0f36] output={null}]]]>
              </value>
            </param>
          </params>
          <reporter-output>
          </reporter-output>
        </test-method> <!-- attachScreenshot -->
        <test-method is-config="true" signature="initializeWebDriver()[pri:0, instance:com.ExitTest.tests.LoginPageTests@6ebf0f36]" started-at="2022-02-10T16:47:18Z" name="initializeWebDriver" finished-at="2022-02-10T16:47:20Z" duration-ms="1436" status="PASS">
          <reporter-output>
          </reporter-output>
        </test-method> <!-- initializeWebDriver -->
        <test-method is-config="true" signature="openUrl()[pri:0, instance:com.ExitTest.tests.LoginPageTests@6ebf0f36]" started-at="2022-02-10T16:47:20Z" name="openUrl" finished-at="2022-02-10T16:47:36Z" duration-ms="16749" status="PASS">
          <reporter-output>
          </reporter-output>
        </test-method> <!-- openUrl -->
        <test-method signature="invalidPassword()[pri:3, instance:com.ExitTest.tests.LoginPageTests@6ebf0f36]" started-at="2022-02-10T16:47:36Z" name="invalidPassword" finished-at="2022-02-10T16:47:37Z" duration-ms="515" status="FAIL">
          <exception class="org.openqa.selenium.NoSuchElementException">
            <message>
              <![CDATA[no such element: Unable to locate element: {"method":"css selector","selector":"._2YULOR"}
  (Session info: chrome=98.0.4758.82)
For documentation on this error, please visit: https://www.seleniumhq.org/exceptions/no_such_element.html
Build info: version: '3.141.59', revision: 'e82be7d358', time: '2018-11-14T08:17:03'
System info: host: 'YASH_PATEL', ip: '192.168.167.71', os.name: 'Windows 10', os.arch: 'amd64', os.version: '10.0', java.version: '11.0.11'
Driver info: org.openqa.selenium.chrome.ChromeDriver
Capabilities {acceptInsecureCerts: false, browserName: chrome, browserVersion: 98.0.4758.82, chrome: {chromedriverVersion: 98.0.4758.80 (7f0488e8ba0d8..., userDataDir: C:\Users\YASHPA~1\AppData\L...}, goog:chromeOptions: {debuggerAddress: localhost:61524}, javascriptEnabled: true, networkConnectionEnabled: false, pageLoadStrategy: normal, platform: WINDOWS, platformName: WINDOWS, proxy: Proxy(), setWindowRect: true, strictFileInteractability: false, timeouts: {implicit: 0, pageLoad: 300000, script: 30000}, unhandledPromptBehavior: dismiss and notify, webauthn:extension:credBlob: true, webauthn:extension:largeBlob: true, webauthn:virtualAuthenticators: true}
Session ID: 7642a46195e01405700585f532c50b90
*** Element info: {Using=class name, value=_2YULOR}]]>
            </message>
            <full-stacktrace>
              <![CDATA[org.openqa.selenium.NoSuchElementException: no such element: Unable to locate element: {"method":"css selector","selector":"._2YULOR"}
  (Session info: chrome=98.0.4758.82)
For documentation on this error, please visit: https://www.seleniumhq.org/exceptions/no_such_element.html
Build info: version: '3.141.59', revision: 'e82be7d358', time: '2018-11-14T08:17:03'
System info: host: 'YASH_PATEL', ip: '192.168.167.71', os.name: 'Windows 10', os.arch: 'amd64', os.version: '10.0', java.version: '11.0.11'
Driver info: org.openqa.selenium.chrome.ChromeDriver
Capabilities {acceptInsecureCerts: false, browserName: chrome, browserVersion: 98.0.4758.82, chrome: {chromedriverVersion: 98.0.4758.80 (7f0488e8ba0d8..., userDataDir: C:\Users\YASHPA~1\AppData\L...}, goog:chromeOptions: {debuggerAddress: localhost:61524}, javascriptEnabled: true, networkConnectionEnabled: false, pageLoadStrategy: normal, platform: WINDOWS, platformName: WINDOWS, proxy: Proxy(), setWindowRect: true, strictFileInteractability: false, timeouts: {implicit: 0, pageLoad: 300000, script: 30000}, unhandledPromptBehavior: dismiss and notify, webauthn:extension:credBlob: true, webauthn:extension:largeBlob: true, webauthn:virtualAuthenticators: true}
Session ID: 7642a46195e01405700585f532c50b90
*** Element info: {Using=class name, value=_2YULOR}
at java.base/jdk.internal.reflect.NativeConstructorAccessorImpl.newInstance0(Native Method)
at java.base/jdk.internal.reflect.NativeConstructorAccessorImpl.newInstance(NativeConstructorAccessorImpl.java:62)
at java.base/jdk.internal.reflect.DelegatingConstructorAccessorImpl.newInstance(DelegatingConstructorAccessorImpl.java:45)
at java.base/java.lang.reflect.Constructor.newInstance(Constructor.java:490)
at org.openqa.selenium.remote.http.W3CHttpResponseCodec.createException(W3CHttpResponseCodec.java:187)
at org.openqa.selenium.remote.http.W3CHttpResponseCodec.decode(W3CHttpResponseCodec.java:122)
at org.openqa.selenium.remote.http.W3CHttpResponseCodec.decode(W3CHttpResponseCodec.java:49)
at org.openqa.selenium.remote.HttpCommandExecutor.execute(HttpCommandExecutor.java:158)
at org.openqa.selenium.remote.service.DriverCommandExecutor.execute(DriverCommandExecutor.java:83)
at org.openqa.selenium.remote.RemoteWebDriver.execute(RemoteWebDriver.java:552)
at org.openqa.selenium.remote.RemoteWebDriver.findElement(RemoteWebDriver.java:323)
at org.openqa.selenium.remote.RemoteWebDriver.findElementByClassName(RemoteWebDriver.java:412)
at org.openqa.selenium.By$ByClassName.findElement(By.java:389)
at org.openqa.selenium.remote.RemoteWebDriver.findElement(RemoteWebDriver.java:315)
at org.openqa.selenium.support.pagefactory.DefaultElementLocator.findElement(DefaultElementLocator.java:69)
at org.openqa.selenium.support.pagefactory.internal.LocatingElementHandler.invoke(LocatingElementHandler.java:38)
at com.sun.proxy.$Proxy15.getText(Unknown Source)
at com.ExitTest.tests.LoginPageTests.invalidPassword(LoginPageTests.java:125)
at java.base/jdk.internal.reflect.NativeMethodAccessorImpl.invoke0(Native Method)
at java.base/jdk.internal.reflect.NativeMethodAccessorImpl.invoke(NativeMethodAccessorImpl.java:62)
at java.base/jdk.internal.reflect.DelegatingMethodAccessorImpl.invoke(DelegatingMethodAccessorImpl.java:43)
at java.base/java.lang.reflect.Method.invoke(Method.java:566)
at org.testng.internal.MethodInvocationHelper.invokeMethod(MethodInvocationHelper.java:124)
at org.testng.internal.Invoker.invokeMethod(Invoker.java:583)
at org.testng.internal.Invoker.invokeTestMethod(Invoker.java:719)
at org.testng.internal.Invoker.invokeTestMethods(Invoker.java:989)
at org.testng.internal.TestMethodWorker.invokeTestMethods(TestMethodWorker.java:125)
at org.testng.internal.TestMethodWorker.run(TestMethodWorker.java:109)
at org.testng.TestRunner.privateRun(TestRunner.java:648)
at org.testng.TestRunner.run(TestRunner.java:505)
at org.testng.SuiteRunner.runTest(SuiteRunner.java:455)
at org.testng.SuiteRunner.runSequentially(SuiteRunner.java:450)
at org.testng.SuiteRunner.privateRun(SuiteRunner.java:415)
at org.testng.SuiteRunner.run(SuiteRunner.java:364)
at org.testng.SuiteRunnerWorker.runSuite(SuiteRunnerWorker.java:52)
at org.testng.SuiteRunnerWorker.run(SuiteRunnerWorker.java:84)
at org.testng.TestNG.runSuitesSequentially(TestNG.java:1208)
at org.testng.TestNG.runSuitesLocally(TestNG.java:1137)
at org.testng.TestNG.runSuites(TestNG.java:1049)
at org.testng.TestNG.run(TestNG.java:1017)
at org.testng.remote.AbstractRemoteTestNG.run(AbstractRemoteTestNG.java:115)
at org.testng.remote.RemoteTestNG.initAndRun(RemoteTestNG.java:251)
at org.testng.remote.RemoteTestNG.main(RemoteTestNG.java:77)
]]>
            </full-stacktrace>
          </exception> <!-- org.openqa.selenium.NoSuchElementException -->
          <reporter-output>
          </reporter-output>
        </test-method> <!-- invalidPassword -->
        <test-method is-config="true" signature="attachScreenshot(org.testng.ITestResult)[pri:0, instance:com.ExitTest.tests.LoginPageTests@6ebf0f36]" started-at="2022-02-10T16:47:37Z" name="attachScreenshot" finished-at="2022-02-10T16:47:37Z" duration-ms="349" status="PASS">
          <params>
            <param index="0">
              <value>
                <![CDATA[[TestResult name=invalidPassword status=FAILURE method=LoginPageTests.invalidPassword()[pri:3, instance:com.ExitTest.tests.LoginPageTests@6ebf0f36] output={null}]]]>
              </value>
            </param>
          </params>
          <reporter-output>
          </reporter-output>
        </test-method> <!-- attachScreenshot -->
        <test-method is-config="true" signature="closeBrowser(org.testng.ITestResult)[pri:0, instance:com.ExitTest.tests.LoginPageTests@6ebf0f36]" started-at="2022-02-10T16:47:37Z" name="closeBrowser" finished-at="2022-02-10T16:47:38Z" duration-ms="1062" status="PASS">
          <params>
            <param index="0">
              <value>
                <![CDATA[[TestResult name=invalidPassword status=FAILURE method=LoginPageTests.invalidPassword()[pri:3, instance:com.ExitTest.tests.LoginPageTests@6ebf0f36] output={null}]]]>
              </value>
            </param>
          </params>
          <reporter-output>
          </reporter-output>
        </test-method> <!-- closeBrowser -->
        <test-method is-config="true" signature="initializeWebDriver()[pri:0, instance:com.ExitTest.tests.LoginPageTests@6ebf0f36]" started-at="2022-02-10T16:47:38Z" name="initializeWebDriver" finished-at="2022-02-10T16:47:40Z" duration-ms="1778" status="PASS">
          <reporter-output>
          </reporter-output>
        </test-method> <!-- initializeWebDriver -->
        <test-method is-config="true" signature="openUrl()[pri:0, instance:com.ExitTest.tests.LoginPageTests@6ebf0f36]" started-at="2022-02-10T16:47:40Z" name="openUrl" finished-at="2022-02-10T16:47:50Z" duration-ms="9744" status="PASS">
          <reporter-output>
          </reporter-output>
        </test-method> <!-- openUrl -->
        <test-method signature="invalidUsernameAndPassword()[pri:4, instance:com.ExitTest.tests.LoginPageTests@6ebf0f36]" started-at="2022-02-10T16:47:50Z" name="invalidUsernameAndPassword" finished-at="2022-02-10T16:47:50Z" duration-ms="547" status="PASS">
          <reporter-output>
          </reporter-output>
        </test-method> <!-- invalidUsernameAndPassword -->
        <test-method is-config="true" signature="attachScreenshot(org.testng.ITestResult)[pri:0, instance:com.ExitTest.tests.LoginPageTests@6ebf0f36]" started-at="2022-02-10T16:47:50Z" name="attachScreenshot" finished-at="2022-02-10T16:47:50Z" duration-ms="1" status="PASS">
          <params>
            <param index="0">
              <value>
                <![CDATA[[TestResult name=invalidUsernameAndPassword status=SUCCESS method=LoginPageTests.invalidUsernameAndPassword()[pri:4, instance:com.ExitTest.tests.LoginPageTests@6ebf0f36] output={null}]]]>
              </value>
            </param>
          </params>
          <reporter-output>
          </reporter-output>
        </test-method> <!-- attachScreenshot -->
        <test-method is-config="true" signature="closeBrowser(org.testng.ITestResult)[pri:0, instance:com.ExitTest.tests.LoginPageTests@6ebf0f36]" started-at="2022-02-10T16:47:50Z" name="closeBrowser" finished-at="2022-02-10T16:47:51Z" duration-ms="880" status="PASS">
          <params>
            <param index="0">
              <value>
                <![CDATA[[TestResult name=invalidUsernameAndPassword status=SUCCESS method=LoginPageTests.invalidUsernameAndPassword()[pri:4, instance:com.ExitTest.tests.LoginPageTests@6ebf0f36] output={null}]]]>
              </value>
            </param>
          </params>
          <reporter-output>
          </reporter-output>
        </test-method> <!-- closeBrowser -->
        <test-method is-config="true" signature="endReport()[pri:0, instance:com.ExitTest.tests.LoginPageTests@6ebf0f36]" started-at="2022-02-10T16:58:17Z" name="endReport" finished-at="2022-02-10T16:58:17Z" duration-ms="598" status="PASS">
          <reporter-output>
          </reporter-output>
        </test-method> <!-- endReport -->
      </class> <!-- com.ExitTest.tests.LoginPageTests -->
      <class name="com.ExitTest.tests.CartTests">
        <test-method is-config="true" signature="initializeWebDriver()[pri:0, instance:com.ExitTest.tests.CartTests@72c28d64]" started-at="2022-02-10T16:55:20Z" name="initializeWebDriver" finished-at="2022-02-10T16:55:22Z" duration-ms="1604" status="PASS">
          <reporter-output>
          </reporter-output>
        </test-method> <!-- initializeWebDriver -->
        <test-method is-config="true" signature="openUrl()[pri:0, instance:com.ExitTest.tests.CartTests@72c28d64]" started-at="2022-02-10T16:55:22Z" name="openUrl" finished-at="2022-02-10T16:55:42Z" duration-ms="20222" status="PASS">
          <reporter-output>
          </reporter-output>
        </test-method> <!-- openUrl -->
        <test-method signature="AddProductToCart()[pri:18, instance:com.ExitTest.tests.CartTests@72c28d64]" started-at="2022-02-10T16:55:42Z" name="AddProductToCart" finished-at="2022-02-10T16:56:09Z" duration-ms="27199" status="PASS">
          <reporter-output>
          </reporter-output>
        </test-method> <!-- AddProductToCart -->
        <test-method is-config="true" signature="closeBrowser(org.testng.ITestResult)[pri:0, instance:com.ExitTest.tests.CartTests@72c28d64]" started-at="2022-02-10T16:56:09Z" name="closeBrowser" finished-at="2022-02-10T16:56:10Z" duration-ms="791" status="PASS">
          <params>
            <param index="0">
              <value>
                <![CDATA[[TestResult name=AddProductToCart status=SUCCESS method=CartTests.AddProductToCart()[pri:18, instance:com.ExitTest.tests.CartTests@72c28d64] output={null}]]]>
              </value>
            </param>
          </params>
          <reporter-output>
          </reporter-output>
        </test-method> <!-- closeBrowser -->
        <test-method is-config="true" signature="attachScreenshot(org.testng.ITestResult)[pri:0, instance:com.ExitTest.tests.CartTests@72c28d64]" started-at="2022-02-10T16:56:09Z" name="attachScreenshot" finished-at="2022-02-10T16:56:09Z" duration-ms="0" status="PASS">
          <params>
            <param index="0">
              <value>
                <![CDATA[[TestResult name=AddProductToCart status=SUCCESS method=CartTests.AddProductToCart()[pri:18, instance:com.ExitTest.tests.CartTests@72c28d64] output={null}]]]>
              </value>
            </param>
          </params>
          <reporter-output>
          </reporter-output>
        </test-method> <!-- attachScreenshot -->
        <test-method is-config="true" signature="initializeWebDriver()[pri:0, instance:com.ExitTest.tests.CartTests@72c28d64]" started-at="2022-02-10T16:56:10Z" name="initializeWebDriver" finished-at="2022-02-10T16:56:11Z" duration-ms="1425" status="PASS">
          <reporter-output>
          </reporter-output>
        </test-method> <!-- initializeWebDriver -->
        <test-method is-config="true" signature="openUrl()[pri:0, instance:com.ExitTest.tests.CartTests@72c28d64]" started-at="2022-02-10T16:56:11Z" name="openUrl" finished-at="2022-02-10T16:56:23Z" duration-ms="11965" status="PASS">
          <reporter-output>
          </reporter-output>
        </test-method> <!-- openUrl -->
        <test-method signature="RemoveProductFromCart()[pri:19, instance:com.ExitTest.tests.CartTests@72c28d64]" started-at="2022-02-10T16:56:23Z" name="RemoveProductFromCart" finished-at="2022-02-10T16:56:30Z" duration-ms="6684" status="FAIL">
          <exception class="org.openqa.selenium.ElementClickInterceptedException">
            <message>
              <![CDATA[element click intercepted: Element <svg width="20" height="20" viewBox="0 0 17 18" class="" xmlns="http://www.w3.org/2000/svg">...</svg> is not clickable at point (813, 28). Other element would receive the click: <div class="_2hriZF _2rbIyg" tabindex="-1">...</div>
  (Session info: chrome=98.0.4758.82)
Build info: version: '3.141.59', revision: 'e82be7d358', time: '2018-11-14T08:17:03'
System info: host: 'YASH_PATEL', ip: '192.168.167.71', os.name: 'Windows 10', os.arch: 'amd64', os.version: '10.0', java.version: '11.0.11'
Driver info: org.openqa.selenium.chrome.ChromeDriver
Capabilities {acceptInsecureCerts: false, browserName: chrome, browserVersion: 98.0.4758.82, chrome: {chromedriverVersion: 98.0.4758.80 (7f0488e8ba0d8..., userDataDir: C:\Users\YASHPA~1\AppData\L...}, goog:chromeOptions: {debuggerAddress: localhost:62581}, javascriptEnabled: true, networkConnectionEnabled: false, pageLoadStrategy: normal, platform: WINDOWS, platformName: WINDOWS, proxy: Proxy(), setWindowRect: true, strictFileInteractability: false, timeouts: {implicit: 0, pageLoad: 300000, script: 30000}, unhandledPromptBehavior: dismiss and notify, webauthn:extension:credBlob: true, webauthn:extension:largeBlob: true, webauthn:virtualAuthenticators: true}
Session ID: fd1a6d982e5dfb0c4c13e2d3c889f8b9]]>
            </message>
            <full-stacktrace>
              <![CDATA[org.openqa.selenium.ElementClickInterceptedException: element click intercepted: Element <svg width="20" height="20" viewBox="0 0 17 18" class="" xmlns="http://www.w3.org/2000/svg">...</svg> is not clickable at point (813, 28). Other element would receive the click: <div class="_2hriZF _2rbIyg" tabindex="-1">...</div>
  (Session info: chrome=98.0.4758.82)
Build info: version: '3.141.59', revision: 'e82be7d358', time: '2018-11-14T08:17:03'
System info: host: 'YASH_PATEL', ip: '192.168.167.71', os.name: 'Windows 10', os.arch: 'amd64', os.version: '10.0', java.version: '11.0.11'
Driver info: org.openqa.selenium.chrome.ChromeDriver
Capabilities {acceptInsecureCerts: false, browserName: chrome, browserVersion: 98.0.4758.82, chrome: {chromedriverVersion: 98.0.4758.80 (7f0488e8ba0d8..., userDataDir: C:\Users\YASHPA~1\AppData\L...}, goog:chromeOptions: {debuggerAddress: localhost:62581}, javascriptEnabled: true, networkConnectionEnabled: false, pageLoadStrategy: normal, platform: WINDOWS, platformName: WINDOWS, proxy: Proxy(), setWindowRect: true, strictFileInteractability: false, timeouts: {implicit: 0, pageLoad: 300000, script: 30000}, unhandledPromptBehavior: dismiss and notify, webauthn:extension:credBlob: true, webauthn:extension:largeBlob: true, webauthn:virtualAuthenticators: true}
Session ID: fd1a6d982e5dfb0c4c13e2d3c889f8b9
at java.base/jdk.internal.reflect.NativeConstructorAccessorImpl.newInstance0(Native Method)
at java.base/jdk.internal.reflect.NativeConstructorAccessorImpl.newInstance(NativeConstructorAccessorImpl.java:62)
at java.base/jdk.internal.reflect.DelegatingConstructorAccessorImpl.newInstance(DelegatingConstructorAccessorImpl.java:45)
at java.base/java.lang.reflect.Constructor.newInstance(Constructor.java:490)
at org.openqa.selenium.remote.http.W3CHttpResponseCodec.createException(W3CHttpResponseCodec.java:187)
at org.openqa.selenium.remote.http.W3CHttpResponseCodec.decode(W3CHttpResponseCodec.java:122)
at org.openqa.selenium.remote.http.W3CHttpResponseCodec.decode(W3CHttpResponseCodec.java:49)
at org.openqa.selenium.remote.HttpCommandExecutor.execute(HttpCommandExecutor.java:158)
at org.openqa.selenium.remote.service.DriverCommandExecutor.execute(DriverCommandExecutor.java:83)
at org.openqa.selenium.remote.RemoteWebDriver.execute(RemoteWebDriver.java:552)
at org.openqa.selenium.remote.RemoteWebElement.execute(RemoteWebElement.java:285)
at org.openqa.selenium.remote.RemoteWebElement.click(RemoteWebElement.java:84)
at jdk.internal.reflect.GeneratedMethodAccessor2.invoke(Unknown Source)
at java.base/jdk.internal.reflect.DelegatingMethodAccessorImpl.invoke(DelegatingMethodAccessorImpl.java:43)
at java.base/java.lang.reflect.Method.invoke(Method.java:566)
at org.openqa.selenium.support.pagefactory.internal.LocatingElementHandler.invoke(LocatingElementHandler.java:51)
at com.sun.proxy.$Proxy15.click(Unknown Source)
at com.ExitTest.pages.HomePage.searchProduct(HomePage.java:90)
at com.ExitTest.tests.CartTests.RemoveProductFromCart(CartTests.java:90)
at java.base/jdk.internal.reflect.NativeMethodAccessorImpl.invoke0(Native Method)
at java.base/jdk.internal.reflect.NativeMethodAccessorImpl.invoke(NativeMethodAccessorImpl.java:62)
at java.base/jdk.internal.reflect.DelegatingMethodAccessorImpl.invoke(DelegatingMethodAccessorImpl.java:43)
at java.base/java.lang.reflect.Method.invoke(Method.java:566)
at org.testng.internal.MethodInvocationHelper.invokeMethod(MethodInvocationHelper.java:124)
at org.testng.internal.Invoker.invokeMethod(Invoker.java:583)
at org.testng.internal.Invoker.invokeTestMethod(Invoker.java:719)
at org.testng.internal.Invoker.invokeTestMethods(Invoker.java:989)
at org.testng.internal.TestMethodWorker.invokeTestMethods(TestMethodWorker.java:125)
at org.testng.internal.TestMethodWorker.run(TestMethodWorker.java:109)
at org.testng.TestRunner.privateRun(TestRunner.java:648)
at org.testng.TestRunner.run(TestRunner.java:505)
at org.testng.SuiteRunner.runTest(SuiteRunner.java:455)
at org.testng.SuiteRunner.runSequentially(SuiteRunner.java:450)
at org.testng.SuiteRunner.privateRun(SuiteRunner.java:415)
at org.testng.SuiteRunner.run(SuiteRunner.java:364)
at org.testng.SuiteRunnerWorker.runSuite(SuiteRunnerWorker.java:52)
at org.testng.SuiteRunnerWorker.run(SuiteRunnerWorker.java:84)
at org.testng.TestNG.runSuitesSequentially(TestNG.java:1208)
at org.testng.TestNG.runSuitesLocally(TestNG.java:1137)
at org.testng.TestNG.runSuites(TestNG.java:1049)
at org.testng.TestNG.run(TestNG.java:1017)
at org.testng.remote.AbstractRemoteTestNG.run(AbstractRemoteTestNG.java:115)
at org.testng.remote.RemoteTestNG.initAndRun(RemoteTestNG.java:251)
at org.testng.remote.RemoteTestNG.main(RemoteTestNG.java:77)
]]>
            </full-stacktrace>
          </exception> <!-- org.openqa.selenium.ElementClickInterceptedException -->
          <reporter-output>
          </reporter-output>
        </test-method> <!-- RemoveProductFromCart -->
        <test-method is-config="true" signature="attachScreenshot(org.testng.ITestResult)[pri:0, instance:com.ExitTest.tests.CartTests@72c28d64]" started-at="2022-02-10T16:56:30Z" name="attachScreenshot" finished-at="2022-02-10T16:56:30Z" duration-ms="304" status="PASS">
          <params>
            <param index="0">
              <value>
                <![CDATA[[TestResult name=RemoveProductFromCart status=FAILURE method=CartTests.RemoveProductFromCart()[pri:19, instance:com.ExitTest.tests.CartTests@72c28d64] output={null}]]]>
              </value>
            </param>
          </params>
          <reporter-output>
          </reporter-output>
        </test-method> <!-- attachScreenshot -->
        <test-method is-config="true" signature="closeBrowser(org.testng.ITestResult)[pri:0, instance:com.ExitTest.tests.CartTests@72c28d64]" started-at="2022-02-10T16:56:30Z" name="closeBrowser" finished-at="2022-02-10T16:56:31Z" duration-ms="987" status="PASS">
          <params>
            <param index="0">
              <value>
                <![CDATA[[TestResult name=RemoveProductFromCart status=FAILURE method=CartTests.RemoveProductFromCart()[pri:19, instance:com.ExitTest.tests.CartTests@72c28d64] output={null}]]]>
              </value>
            </param>
          </params>
          <reporter-output>
          </reporter-output>
        </test-method> <!-- closeBrowser -->
        <test-method is-config="true" signature="initializeWebDriver()[pri:0, instance:com.ExitTest.tests.CartTests@72c28d64]" started-at="2022-02-10T16:56:31Z" name="initializeWebDriver" finished-at="2022-02-10T16:56:33Z" duration-ms="1491" status="PASS">
          <reporter-output>
          </reporter-output>
        </test-method> <!-- initializeWebDriver -->
        <test-method is-config="true" signature="openUrl()[pri:0, instance:com.ExitTest.tests.CartTests@72c28d64]" started-at="2022-02-10T16:56:33Z" name="openUrl" finished-at="2022-02-10T16:56:42Z" duration-ms="9160" status="PASS">
          <reporter-output>
          </reporter-output>
        </test-method> <!-- openUrl -->
        <test-method signature="SaveForLater()[pri:20, instance:com.ExitTest.tests.CartTests@72c28d64]" started-at="2022-02-10T16:56:42Z" name="SaveForLater" finished-at="2022-02-10T16:57:18Z" duration-ms="35800" status="PASS">
          <reporter-output>
          </reporter-output>
        </test-method> <!-- SaveForLater -->
        <test-method is-config="true" signature="attachScreenshot(org.testng.ITestResult)[pri:0, instance:com.ExitTest.tests.CartTests@72c28d64]" started-at="2022-02-10T16:57:18Z" name="attachScreenshot" finished-at="2022-02-10T16:57:18Z" duration-ms="0" status="PASS">
          <params>
            <param index="0">
              <value>
                <![CDATA[[TestResult name=SaveForLater status=SUCCESS method=CartTests.SaveForLater()[pri:20, instance:com.ExitTest.tests.CartTests@72c28d64] output={null}]]]>
              </value>
            </param>
          </params>
          <reporter-output>
          </reporter-output>
        </test-method> <!-- attachScreenshot -->
        <test-method is-config="true" signature="closeBrowser(org.testng.ITestResult)[pri:0, instance:com.ExitTest.tests.CartTests@72c28d64]" started-at="2022-02-10T16:57:18Z" name="closeBrowser" finished-at="2022-02-10T16:57:19Z" duration-ms="771" status="PASS">
          <params>
            <param index="0">
              <value>
                <![CDATA[[TestResult name=SaveForLater status=SUCCESS method=CartTests.SaveForLater()[pri:20, instance:com.ExitTest.tests.CartTests@72c28d64] output={null}]]]>
              </value>
            </param>
          </params>
          <reporter-output>
          </reporter-output>
        </test-method> <!-- closeBrowser -->
        <test-method is-config="true" signature="initializeWebDriver()[pri:0, instance:com.ExitTest.tests.CartTests@72c28d64]" started-at="2022-02-10T16:57:19Z" name="initializeWebDriver" finished-at="2022-02-10T16:57:20Z" duration-ms="1517" status="PASS">
          <reporter-output>
          </reporter-output>
        </test-method> <!-- initializeWebDriver -->
        <test-method is-config="true" signature="openUrl()[pri:0, instance:com.ExitTest.tests.CartTests@72c28d64]" started-at="2022-02-10T16:57:20Z" name="openUrl" finished-at="2022-02-10T16:57:31Z" duration-ms="10504" status="PASS">
          <reporter-output>
          </reporter-output>
        </test-method> <!-- openUrl -->
        <test-method signature="checkSize()[pri:21, instance:com.ExitTest.tests.CartTests@72c28d64]" started-at="2022-02-10T16:57:31Z" name="checkSize" finished-at="2022-02-10T16:58:16Z" duration-ms="45596" status="PASS">
          <reporter-output>
          </reporter-output>
        </test-method> <!-- checkSize -->
        <test-method is-config="true" signature="closeBrowser(org.testng.ITestResult)[pri:0, instance:com.ExitTest.tests.CartTests@72c28d64]" started-at="2022-02-10T16:58:16Z" name="closeBrowser" finished-at="2022-02-10T16:58:17Z" duration-ms="688" status="PASS">
          <params>
            <param index="0">
              <value>
                <![CDATA[[TestResult name=checkSize status=SUCCESS method=CartTests.checkSize()[pri:21, instance:com.ExitTest.tests.CartTests@72c28d64] output={null}]]]>
              </value>
            </param>
          </params>
          <reporter-output>
          </reporter-output>
        </test-method> <!-- closeBrowser -->
        <test-method is-config="true" signature="attachScreenshot(org.testng.ITestResult)[pri:0, instance:com.ExitTest.tests.CartTests@72c28d64]" started-at="2022-02-10T16:58:16Z" name="attachScreenshot" finished-at="2022-02-10T16:58:16Z" duration-ms="0" status="PASS">
          <params>
            <param index="0">
              <value>
                <![CDATA[[TestResult name=checkSize status=SUCCESS method=CartTests.checkSize()[pri:21, instance:com.ExitTest.tests.CartTests@72c28d64] output={null}]]]>
              </value>
            </param>
          </params>
          <reporter-output>
          </reporter-output>
        </test-method> <!-- attachScreenshot -->
      </class> <!-- com.ExitTest.tests.CartTests -->
    </test> <!-- Test -->
  </suite> <!-- Suite -->
</testng-results>
